\BOOKMARK [0][-]{chapter.7}{\376\377\000I\000n\000t\000r\000o\000d\000u\000c\000t\000i\000o\000n}{}% 1
\BOOKMARK [1][-]{section.8}{\376\377\000F\000e\000r\000m\000i\000\040\000g\000a\000s\000\040\000p\000r\000e\000p\000a\000r\000a\000t\000i\000o\000n\000\040\000\050\000+\000\040\000B\000o\000s\000e\000\040\000g\000a\000s\000\040\000?\000\051}{chapter.7}% 2
\BOOKMARK [2][-]{subsection.9}{\376\377\000B\000l\000u\000e\000\040\000o\000p\000t\000i\000c\000a\000l\000\040\000s\000e\000t\000u\000p}{section.8}% 3
\BOOKMARK [2][-]{subsection.11}{\376\377\000T\000r\000a\000n\000s\000v\000e\000r\000s\000e\000\040\000c\000o\000o\000l\000i\000n\000g}{section.8}% 4
\BOOKMARK [2][-]{subsection.13}{\376\377\000Z\000e\000e\000m\000a\000n\000\040\000c\000o\000o\000l\000i\000n\000g}{section.8}% 5
\BOOKMARK [2][-]{subsection.15}{\376\377\000B\000l\000u\000e\000\040\000M\000O\000T}{section.8}% 6
\BOOKMARK [3][-]{subsubsection.16}{\376\377\000T\000h\000e\000\040\000p\000h\000y\000s\000i\000c\000s}{subsection.15}% 7
\BOOKMARK [3][-]{subsubsection.21}{\376\377\000H\000y\000p\000e\000r\000f\000i\000n\000e\000\040\000s\000t\000r\000u\000c\000t\000u\000r\000e\000\040\000o\000f\000\040\000S\000t\000r\000o\000n\000t\000i\000u\000m\000-\0008\0007}{subsection.15}% 8
\BOOKMARK [2][-]{subsection.22}{\376\377\000R\000e\000p\000u\000m\000p\000e\000r}{section.8}% 9
\BOOKMARK [3][-]{subsubsection.24}{\376\377\000O\000p\000t\000i\000m\000i\000z\000a\000t\000i\000o\000n\000\040\000o\000f\000\040\000t\000h\000e\000\040\000r\000e\000p\000u\000m\000p\000e\000r\000\040\000s\000w\000e\000e\000p}{subsection.22}% 10
\BOOKMARK [2][-]{subsection.26}{\376\377\000R\000e\000d\000\040\000M\000O\000T}{section.8}% 11
\BOOKMARK [3][-]{subsubsection.27}{\376\377\000O\000p\000t\000i\000c\000a\000l\000\040\000s\000e\000t\000u\000p}{subsection.26}% 12
\BOOKMARK [3][-]{subsubsection.29}{\376\377\000B\000r\000o\000a\000d\000b\000a\000n\000d\000\040\000M\000O\000T\000\040\000\050\000B\000r\000o\000a\000d\000b\000a\000n\000d\000\040\000s\000w\000e\000e\000p\000\051}{subsection.26}% 13
\BOOKMARK [3][-]{subsubsection.30}{\376\377\000N\000a\000r\000r\000o\000w\000b\000a\000n\000d\000\040\000M\000O\000T\000\040\000\050\000S\000i\000n\000g\000l\000e\000-\000f\000r\000e\000q\000u\000e\000n\000c\000y\000\040\000M\000O\000T\000\051}{subsection.26}% 14
\BOOKMARK [2][-]{subsection.32}{\376\377\000S\000t\000i\000r\000r\000i\000n\000g\000\040\000l\000a\000s\000e\000r\000\040\000\050\000"\000S\000t\000i\000r\000"\000\051}{section.8}% 15
\BOOKMARK [3][-]{subsubsection.35}{\376\377\000O\000p\000t\000i\000m\000i\000z\000a\000t\000i\000o\000n\000\040\000o\000f\000\040\000t\000h\000e\000\040\000n\000a\000r\000r\000o\000w\000\040\000M\000O\000T\000\040\000p\000a\000r\000a\000m\000e\000t\000e\000r\000s}{subsection.32}% 16
\BOOKMARK [2][-]{subsection.36}{\376\377\000O\000p\000t\000i\000c\000a\000l\000\040\000D\000i\000p\000o\000l\000e\000\040\000T\000r\000a\000p\000\040\000\050\000O\000D\000T\000\051\000\040\000a\000n\000d\000\040\000E\000v\000a\000p\000o\000r\000a\000t\000i\000v\000e\000\040\000c\000o\000o\000l\000i\000n\000g}{section.8}% 17
\BOOKMARK [3][-]{subsubsection.37}{\376\377\000L\000o\000a\000d\000i\000n\000g\000\040\000t\000h\000e\000\040\000c\000r\000o\000s\000s\000e\000d\000\040\000O\000D\000T}{subsection.36}% 18
\BOOKMARK [3][-]{subsubsection.40}{\376\377\000O\000p\000t\000i\000m\000i\000z\000a\000t\000i\000o\000n\000\040\000o\000f\000\040\000t\000h\000e\000\040\000e\000v\000a\000p\000o\000r\000a\000t\000i\000o\000n\000\040\000r\000a\000m\000p\000s\000:\000\040\000D\000i\000m\000p\000l\000e\000\040\000v\000s\000.\000\040\000R\000e\000s\000e\000r\000v\000o\000i\000r}{subsection.36}% 19
\BOOKMARK [3][-]{subsubsection.41}{\376\377\000O\000p\000t\000i\000c\000a\000l\000\040\000s\000e\000t\000u\000p}{subsection.36}% 20
\BOOKMARK [1][-]{section.43}{\376\377\000S\000p\000i\000n\000\040\000S\000e\000l\000e\000c\000t\000i\000o\000n}{chapter.7}% 21
\BOOKMARK [2][-]{subsection.44}{\376\377\000O\000p\000t\000i\000c\000a\000l\000\040\000P\000u\000m\000p\000i\000n\000g}{section.43}% 22
\BOOKMARK [1][-]{section.47}{\376\377\000S\000p\000i\000n\000\040\000M\000a\000n\000i\000p\000u\000l\000a\000t\000i\000o\000n}{chapter.7}% 23
\BOOKMARK [2][-]{subsection.48}{\376\377\000E\000x\000t\000e\000r\000n\000a\000l\000\040\000C\000a\000v\000i\000t\000y\000\040\000D\000i\000o\000d\000e\000\040\000L\000a\000s\000e\000r\000\040\000\050\000E\000C\000D\000L\000\051}{section.47}% 24
\BOOKMARK [2][-]{subsection.50}{\376\377\000R\000a\000m\000a\000n\000\040\000T\000r\000a\000n\000s\000i\000t\000i\000o\000n\000s}{section.47}% 25
\BOOKMARK [3][-]{subsubsection.51}{\376\377\000P\000h\000y\000s\000i\000c\000a\000l\000\040\000C\000o\000n\000c\000e\000p\000t}{subsection.50}% 26
\BOOKMARK [3][-]{subsubsection.55}{\376\377\000E\000x\000p\000e\000r\000i\000m\000e\000n\000t\000a\000l\000\040\000S\000e\000t\000u\000p\000\040\000o\000f\000\040\000t\000h\000e\000\040\000R\000a\000m\000a\000n\000\040\000P\000r\000o\000c\000e\000s\000s}{subsection.50}% 27
\BOOKMARK [2][-]{subsection.57}{\376\377\000P\000h\000o\000t\000o\000a\000s\000s\000o\000c\000i\000a\000t\000i\000o\000n}{section.47}% 28
\BOOKMARK [2][-]{subsection.59}{\376\377\000F\000a\000b\000r\000y\000-\000P\000\351\000r\000o\000t\000\040\000C\000a\000v\000i\000t\000y\000\040\000a\000n\000d\000\040\000P\000D\000H\000\040\000L\000o\000c\000k\000i\000n\000g\000\040\000S\000y\000s\000t\000e\000m}{section.47}% 29
\BOOKMARK [1][-]{section.63}{\376\377\000S\000p\000i\000n\000\040\000M\000e\000a\000s\000u\000r\000e\000m\000e\000n\000t\000\040\000S\000c\000h\000e\000m\000e}{chapter.7}% 30
\BOOKMARK [0][-]{chapter.69}{\376\377\000R\000a\000m\000s\000e\000y\000\040\000i\000n\000t\000e\000r\000f\000e\000r\000o\000m\000e\000t\000e\000r\000s\000\040\000o\000n\000\040\000q\000u\000d\000i\000t\000\040}{}% 31
\BOOKMARK [1][-]{section.78}{\376\377\000I\000n\000t\000r\000o\000d\000u\000c\000t\000i\000o\000n}{chapter.69}% 32
\BOOKMARK [1][-]{section.80}{\376\377\000I\000m\000p\000l\000e\000m\000e\000n\000t\000a\000t\000i\000o\000n\000\040\000o\000f\000\040\000s\000u\000\050\000N\000\051\000\040\000g\000e\000n\000e\000r\000a\000t\000o\000r\000s\000.}{chapter.69}% 33
\BOOKMARK [1][-]{section.81}{\376\377\000E\000x\000p\000e\000r\000i\000m\000e\000n\000t\000a\000l\000\040\000s\000e\000t\000t\000i\000n\000g}{chapter.69}% 34
\BOOKMARK [1][-]{section.83}{\376\377\000C\000o\000h\000e\000r\000e\000n\000t\000\040\000m\000a\000n\000i\000p\000u\000l\000a\000t\000i\000o\000n\000\040\000o\000f\000\040\000a\000\040\000n\000u\000c\000l\000e\000a\000r\000-\000s\000p\000i\000n\000\040\000q\000u\000b\000i\000t}{chapter.69}% 35
\BOOKMARK [1][-]{section.87}{\376\377\000B\000e\000y\000o\000n\000d\000\040\000p\000s\000e\000u\000d\000o\000-\000s\000p\000i\000n\000\040\0001\000/\0002\000\040\000s\000c\000h\000e\000m\000e\000s\000:\000\040\000q\000u\000d\000i\000t\000\040\000i\000n\000t\000e\000r\000f\000e\000r\000o\000m\000e\000t\000r\000y}{chapter.69}% 36
\BOOKMARK [2][-]{subsection.88}{\376\377\000P\000a\000r\000a\000l\000l\000e\000l\000\040\000R\000a\000m\000s\000e\000y\000\040\000i\000n\000t\000e\000r\000f\000e\000r\000o\000m\000e\000t\000e\000r\000s\000\040\000f\000o\000r\000\040\000s\000i\000m\000u\000l\000t\000a\000n\000e\000o\000u\000s\000\040\000m\000u\000l\000t\000i\000p\000l\000e\000-\000f\000i\000e\000l\000d\000\040\000s\000e\000n\000s\000i\000n\000g\000.}{section.87}% 37
\BOOKMARK [2][-]{subsection.93}{\376\377\000S\000i\000m\000u\000l\000t\000a\000n\000e\000o\000u\000s\000\040\000m\000e\000a\000s\000u\000r\000e\000m\000e\000n\000t\000s\000\040\000o\000f\000\040\000m\000u\000l\000t\000i\000p\000l\000e\000\040\000c\000o\000l\000l\000e\000c\000t\000i\000v\000e\000\040\000a\000t\000o\000m\000i\000c\000\040\000o\000b\000s\000e\000r\000v\000a\000b\000l\000e\000s\000.}{section.87}% 38
\BOOKMARK [1][-]{section.99}{\376\377\000C\000o\000n\000c\000l\000u\000s\000i\000o\000n}{chapter.69}% 39
\BOOKMARK [0][-]{chapter.100}{\376\377\000P\000h\000o\000t\000o\000a\000s\000s\000o\000c\000i\000a\000t\000i\000o\000n\000\040\000:\000\040\000c\000o\000n\000c\000e\000p\000t\000\040\000a\000n\000d\000\040\000s\000p\000e\000c\000t\000r\000o\000s\000c\000o\000p\000y\000\040\000o\000f\000\040\0008\0007\000S\000r\000\040\000c\000a\000l\000i\000b\000r\000a\000t\000e\000d\000\040\000o\000n\000\040\0008\0008\000S\000r}{}% 40
\BOOKMARK [1][-]{section.101}{\376\377\000I\000n\000t\000r\000o\000d\000u\000c\000t\000i\000o\000n\000\040\000o\000n\000\040\000p\000h\000o\000t\000o\000a\000s\000s\000o\000c\000i\000a\000t\000i\000o\000n}{chapter.100}% 41
\BOOKMARK [2][-]{subsection.102}{\376\377\000S\000c\000a\000t\000t\000e\000r\000i\000n\000g\000\040\000t\000h\000e\000o\000r\000y}{section.101}% 42
\BOOKMARK [2][-]{subsection.120}{\376\377\000P\000A\000\040\000a\000n\000d\000\040\000c\000o\000m\000p\000l\000e\000x\000\040\000s\000c\000a\000t\000t\000e\000r\000i\000n\000g\000\040\000l\000e\000n\000g\000t\000h}{section.101}% 43
\BOOKMARK [2][-]{subsection.129}{\376\377\000G\000e\000n\000e\000r\000a\000l\000\040\000s\000c\000a\000l\000i\000n\000g\000\040\000l\000a\000w\000s\000\040\000f\000o\000r\000\040\000P\000A}{section.101}% 44
\BOOKMARK [2][-]{subsection.146}{\376\377\000H\000a\000n\000d\000l\000i\000n\000g\000\040\000m\000u\000l\000t\000i\000p\000l\000e\000\040\000m\000o\000l\000e\000c\000u\000l\000a\000r\000\040\000p\000o\000t\000e\000n\000t\000i\000a\000l\000s}{section.101}% 45
\BOOKMARK [2][-]{subsection.163}{\376\377\000I\000n\000t\000e\000r\000n\000a\000l\000\040\000e\000n\000e\000r\000g\000y\000\040\000s\000t\000a\000t\000e\000s}{section.101}% 46
\BOOKMARK [3][-]{subsubsection.164}{\376\377\000W\000K\000B\000\040\000a\000p\000p\000r\000o\000x\000i\000m\000a\000t\000i\000o\000n}{subsection.163}% 47
\BOOKMARK [3][-]{subsubsection.170}{\376\377\000L\000e\000r\000o\000y\000-\000B\000e\000r\000n\000s\000t\000e\000i\000n\000\040\000s\000c\000a\000l\000i\000n\000g}{subsection.163}% 48
\BOOKMARK [3][-]{subsubsection.176}{\376\377\000M\000a\000s\000s\000\040\000s\000c\000a\000l\000i\000n\000g\000\040\000a\000n\000d\000\040\000i\000s\000o\000t\000o\000p\000i\000c\000\040\000s\000h\000i\000f\000t\000s}{subsection.163}% 49
\BOOKMARK [1][-]{section.180}{\376\377\000S\000p\000e\000c\000t\000r\000o\000s\000c\000o\000p\000y\000\040\000p\000r\000o\000t\000o\000c\000o\000l\000\040\000a\000n\000d\000\040\000c\000a\000l\000i\000b\000r\000a\000t\000i\000o\000n\000\040\000o\000f\000\040\000t\000h\000e\000\040\000P\000A\000\040\000l\000a\000s\000e\000r}{chapter.100}% 50
\BOOKMARK [2][-]{subsection.181}{\376\377\000G\000a\000s\000\040\000p\000r\000e\000p\000a\000r\000a\000t\000i\000o\000n\000\040\000a\000n\000d\000\040\000i\000s\000o\000t\000o\000p\000e\000\040\000s\000p\000e\000c\000i\000f\000i\000c\000i\000t\000i\000e\000s}{section.180}% 51
\BOOKMARK [2][-]{subsection.182}{\376\377\000P\000h\000o\000t\000o\000a\000s\000s\000o\000c\000i\000a\000t\000i\000o\000n\000\040\000l\000a\000s\000e\000r\000s\000\040\000a\000n\000d\000\040\000t\000h\000e\000i\000r\000\040\000s\000p\000e\000c\000t\000r\000a\000l\000\040\000c\000h\000a\000r\000a\000c\000t\000e\000r\000i\000s\000t\000i\000c\000s}{section.180}% 52
\BOOKMARK [3][-]{subsubsection.183}{\376\377\000E\000C\000D\000L\000\040\000l\000o\000c\000k\000i\000n\000g\000\040\000a\000n\000d\000\040\000f\000r\000e\000q\000u\000e\000n\000c\000y\000\040\000r\000e\000f\000e\000r\000e\000n\000c\000i\000n\000g}{subsection.182}% 53
\BOOKMARK [3][-]{subsubsection.187}{\376\377\000S\000p\000e\000c\000t\000r\000a\000l\000\040\000i\000m\000p\000e\000r\000f\000e\000c\000t\000i\000o\000n\000s\000\040\000f\000r\000o\000m\000\040\000t\000h\000e\000\040\000l\000o\000c\000k\000i\000n\000g\000\040\000s\000c\000h\000e\000m\000e}{subsection.182}% 54
\BOOKMARK [3][-]{subsubsection.189}{\376\377\000S\000p\000e\000c\000t\000r\000a\000l\000\040\000i\000m\000p\000e\000r\000f\000e\000c\000t\000i\000o\000n\000s\000\040\000f\000r\000o\000m\000\040\000t\000h\000e\000\040\000f\000i\000l\000t\000e\000r\000\040\000c\000a\000v\000i\000t\000y\000\040\000s\000y\000s\000t\000e\000m}{subsection.182}% 55
\BOOKMARK [2][-]{subsection.195}{\376\377\000A\000t\000o\000m\000i\000c\000\040\000a\000n\000d\000\040\000m\000o\000l\000e\000c\000u\000l\000a\000r\000\040\000l\000i\000n\000e\000s\000\040\000c\000a\000l\000i\000b\000r\000a\000t\000i\000o\000n}{section.180}% 56
\BOOKMARK [3][-]{subsubsection.196}{\376\377\000G\000e\000n\000e\000r\000a\000l\000\040\000e\000x\000p\000e\000r\000i\000m\000e\000n\000t\000a\000l\000\040\000f\000r\000a\000m\000e\000w\000o\000r\000k\000\040\000a\000n\000d\000\040\000b\000a\000s\000e\000l\000i\000n\000e\000\040\000p\000a\000r\000a\000m\000e\000t\000e\000r\000s}{subsection.195}% 57
\BOOKMARK [3][-]{subsubsection.198}{\376\377\000F\000i\000t\000t\000i\000n\000g\000\040\000m\000o\000d\000e\000l}{subsection.195}% 58
\BOOKMARK [3][-]{subsubsection.203}{\376\377\000E\000x\000p\000e\000r\000i\000m\000e\000n\000t\000a\000l\000\040\000r\000e\000s\000u\000l\000t\000s\000\040\000o\000n\000\040\0008\0008\000S\000r}{subsection.195}% 59
\BOOKMARK [3][-]{subsubsection.205}{\376\377\000A\000l\000t\000e\000r\000n\000a\000t\000i\000v\000e\000\040\000s\000o\000u\000r\000c\000e\000:\000\040\000t\000h\000e\000\040\000i\000n\000j\000e\000c\000t\000i\000o\000n\000-\000l\000o\000c\000k\000e\000d\000\040\000l\000a\000s\000e\000r}{subsection.195}% 60
\BOOKMARK [3][-]{subsubsection.208}{\376\377\000N\000o\000i\000s\000e\000\040\000o\000f\000\040\000t\000h\000e\000\040\000d\000i\000o\000d\000e}{subsection.195}% 61
\BOOKMARK [3][-]{subsubsection.211}{\376\377\000D\000e\000c\000a\000y\000\040\000d\000y\000n\000a\000m\000i\000c\000s\000\040\000\050\000d\000N\000/\000d\000t\000\051}{subsection.195}% 62
\BOOKMARK [1][-]{section.229}{\376\377\0008\0007\000S\000r\000\040\000m\000o\000l\000e\000c\000u\000l\000e\000s}{chapter.100}% 63
\BOOKMARK [2][-]{subsection.230}{\376\377\000R\000e\000s\000u\000l\000t\000s\000\040\000o\000n\000\040\0008\0007\000S\000r}{section.229}% 64
\BOOKMARK [2][-]{subsection.232}{\376\377\000V\000e\000r\000i\000f\000i\000c\000a\000t\000i\000o\000n\000\040\000o\000f\000\040\000t\000h\000e\000\040\000m\000o\000l\000e\000c\000u\000l\000a\000r\000\040\000n\000a\000t\000u\000r\000e\000\040\000o\000f\000\040\000t\000h\000e\000\040\000l\000i\000n\000e\000s}{section.229}% 65
\BOOKMARK [3][-]{subsubsection.233}{\376\377\000d\000N\000/\000d\000t\000\040\000d\000e\000c\000a\000y\000\040\000i\000n\000t\000e\000r\000p\000r\000e\000t\000a\000t\000i\000o\000n}{subsection.232}% 66
\BOOKMARK [3][-]{subsubsection.235}{\376\377\000T\000e\000m\000p\000e\000r\000a\000t\000u\000r\000e\000\040\000a\000s\000\040\000a\000n\000\040\000u\000l\000t\000i\000m\000a\000t\000e\000\040\000p\000r\000o\000o\000f}{subsection.232}% 67
\BOOKMARK [3][-]{subsubsection.237}{\376\377\000M\000o\000l\000e\000c\000u\000l\000a\000r\000\040\000l\000i\000n\000e\000s\000\040\000o\000n\000\040\0008\0007\000S\000r}{subsection.232}% 68
\BOOKMARK [2][-]{subsection.250}{\376\377\000I\000n\000t\000e\000r\000p\000r\000e\000t\000a\000t\000i\000o\000n\000\040\000o\000f\000\040\000l\000o\000w\000\040\000c\000o\000n\000t\000r\000a\000s\000t}{section.229}% 69
\BOOKMARK [3][-]{subsubsection.253}{\376\377\000C\000o\000u\000p\000l\000i\000n\000g\000\040\000t\000o\000\040\000m\000o\000r\000e\000\040\000e\000n\000e\000r\000g\000e\000t\000i\000c\000\040\000s\000t\000a\000t\000e\000\040\000f\000r\000o\000m\000\040\000t\000h\000e\000\040\000I\000R}{subsection.250}% 70
\BOOKMARK [2][-]{subsection.255}{\376\377\000C\000o\000n\000c\000l\000u\000s\000i\000o\000n\000\040\000a\000n\000d\000\040\000o\000u\000t\000l\000o\000o\000k}{section.229}% 71
\BOOKMARK [0][-]{appendix.258}{\376\377\000A\000l\000g\000o\000r\000i\000t\000h\000m\000s}{}% 72
