This is pdfTeX, Version 3.141592653-2.6-1.40.27 (TeX Live 2025) (preloaded format=pdflatex 2026.2.7)  26 FEB 2026 16:05
entering extended mode
 restricted \write18 enabled.
 file:line:error style messages enabled.
 %&-line parsing enabled.
**"/Users/pauline/Documents/GitHub/Inchallah-lui-il-marche/These depuis overleaf/main.tex"
(/Users/pauline/Documents/GitHub/Inchallah-lui-il-marche/These depuis overleaf/main.tex
LaTeX2e <2024-11-01> patch level 2
L3 programming layer <2025-01-18>
(/usr/local/texlive/2025/texmf-dist/tex/latex/base/report.cls
Document Class: report 2024/06/29 v1.4n Standard LaTeX document class
(/usr/local/texlive/2025/texmf-dist/tex/latex/base/size12.clo
File: size12.clo 2024/06/29 v1.4n Standard LaTeX file (size option)
)
\c@part=\count196
\c@chapter=\count197
\c@section=\count198
\c@subsection=\count199
\c@subsubsection=\count266
\c@paragraph=\count267
\c@subparagraph=\count268
\c@figure=\count269
\c@table=\count270
\abovecaptionskip=\skip49
\belowcaptionskip=\skip50
\bibindent=\dimen141
) (/usr/local/texlive/2025/texmf-dist/tex/latex/graphics/graphicx.sty
Package: graphicx 2021/09/16 v1.2d Enhanced LaTeX Graphics (DPC,SPQR)
 (/usr/local/texlive/2025/texmf-dist/tex/latex/graphics/keyval.sty
Package: keyval 2022/05/29 v1.15 key=value parser (DPC)
\KV@toks@=\toks17
) (/usr/local/texlive/2025/texmf-dist/tex/latex/graphics/graphics.sty
Package: graphics 2024/08/06 v1.4g Standard LaTeX Graphics (DPC,SPQR)
 (/usr/local/texlive/2025/texmf-dist/tex/latex/graphics/trig.sty
Package: trig 2023/12/02 v1.11 sin cos tan (DPC)
) (/usr/local/texlive/2025/texmf-dist/tex/latex/graphics-cfg/graphics.cfg
File: graphics.cfg 2016/06/04 v1.11 sample graphics configuration
)
Package graphics Info: Driver file: pdftex.def on input line 106.
 (/usr/local/texlive/2025/texmf-dist/tex/latex/graphics-def/pdftex.def
File: pdftex.def 2024/04/13 v1.2c Graphics/color driver for pdftex
))
\Gin@req@height=\dimen142
\Gin@req@width=\dimen143
) (/usr/local/texlive/2025/texmf-dist/tex/latex/caption/caption.sty
Package: caption 2023/08/05 v3.6o Customizing captions (AR)
 (/usr/local/texlive/2025/texmf-dist/tex/latex/caption/caption3.sty
Package: caption3 2023/07/31 v2.4d caption3 kernel (AR)
\caption@tempdima=\dimen144
\captionmargin=\dimen145
\caption@leftmargin=\dimen146
\caption@rightmargin=\dimen147
\caption@width=\dimen148
\caption@indent=\dimen149
\caption@parindent=\dimen150
\caption@hangindent=\dimen151
Package caption Info: Standard document class detected.
)
\c@caption@flags=\count271
\c@continuedfloat=\count272
) (/usr/local/texlive/2025/texmf-dist/tex/latex/caption/subcaption.sty
Package: subcaption 2023/07/28 v1.6b Sub-captions (AR)
Package caption Info: New subtype `subfigure' on input line 238.
\c@subfigure=\count273
Package caption Info: New subtype `subtable' on input line 238.
\c@subtable=\count274
) (/usr/local/texlive/2025/texmf-dist/tex/latex/geometry/geometry.sty
Package: geometry 2020/01/02 v5.9 Page Geometry
 (/usr/local/texlive/2025/texmf-dist/tex/generic/iftex/ifvtex.sty
Package: ifvtex 2019/10/25 v1.7 ifvtex legacy package. Use iftex instead.
 (/usr/local/texlive/2025/texmf-dist/tex/generic/iftex/iftex.sty
Package: iftex 2024/12/12 v1.0g TeX engine tests
))
\Gm@cnth=\count275
\Gm@cntv=\count276
\c@Gm@tempcnt=\count277
\Gm@bindingoffset=\dimen152
\Gm@wd@mp=\dimen153
\Gm@odd@mp=\dimen154
\Gm@even@mp=\dimen155
\Gm@layoutwidth=\dimen156
\Gm@layoutheight=\dimen157
\Gm@layouthoffset=\dimen158
\Gm@layoutvoffset=\dimen159
\Gm@dimlist=\toks18
) (/usr/local/texlive/2025/texmf-dist/tex/latex/fancyhdr/fancyhdr.sty
Package: fancyhdr 2025/02/07 v5.2 Extensive control of page headers and footers
\f@nch@headwidth=\skip51
\f@nch@offset@elh=\skip52
\f@nch@offset@erh=\skip53
\f@nch@offset@olh=\skip54
\f@nch@offset@orh=\skip55
\f@nch@offset@elf=\skip56
\f@nch@offset@erf=\skip57
\f@nch@offset@olf=\skip58
\f@nch@offset@orf=\skip59
\f@nch@height=\skip60
\f@nch@footalignment=\skip61
\f@nch@widthL=\skip62
\f@nch@widthC=\skip63
\f@nch@widthR=\skip64
\@temptokenb=\toks19
) (/usr/local/texlive/2025/texmf-dist/tex/latex/parskip/parskip.sty
Package: parskip 2021-03-14 v2.0h non-zero parskip adjustments
 (/usr/local/texlive/2025/texmf-dist/tex/latex/kvoptions/kvoptions.sty
Package: kvoptions 2022-06-15 v3.15 Key value format for package options (HO)
 (/usr/local/texlive/2025/texmf-dist/tex/generic/ltxcmds/ltxcmds.sty
Package: ltxcmds 2023-12-04 v1.26 LaTeX kernel commands for general use (HO)
) (/usr/local/texlive/2025/texmf-dist/tex/latex/kvsetkeys/kvsetkeys.sty
Package: kvsetkeys 2022-10-05 v1.19 Key value parser (HO)
)) (/usr/local/texlive/2025/texmf-dist/tex/latex/etoolbox/etoolbox.sty
Package: etoolbox 2025/02/11 v2.5l e-TeX tools for LaTeX (JAW)
\etb@tempcnta=\count278
)) (/usr/local/texlive/2025/texmf-dist/tex/latex/natbib/natbib.sty
Package: natbib 2010/09/13 8.31b (PWD, AO)
\bibhang=\skip65
\bibsep=\skip66
LaTeX Info: Redefining \cite on input line 694.
\c@NAT@ctr=\count279
) (/usr/local/texlive/2025/texmf-dist/tex/latex/hyperref/hyperref.sty
Package: hyperref 2024-11-05 v7.01l Hypertext links for LaTeX
 (/usr/local/texlive/2025/texmf-dist/tex/generic/kvdefinekeys/kvdefinekeys.sty
Package: kvdefinekeys 2019-12-19 v1.6 Define keys (HO)
) (/usr/local/texlive/2025/texmf-dist/tex/generic/pdfescape/pdfescape.sty
Package: pdfescape 2019/12/09 v1.15 Implements pdfTeX's escape features (HO)
 (/usr/local/texlive/2025/texmf-dist/tex/generic/pdftexcmds/pdftexcmds.sty
Package: pdftexcmds 2020-06-27 v0.33 Utility functions of pdfTeX for LuaTeX (HO)
 (/usr/local/texlive/2025/texmf-dist/tex/generic/infwarerr/infwarerr.sty
Package: infwarerr 2019/12/03 v1.5 Providing info/warning/error messages (HO)
)
Package pdftexcmds Info: \pdf@primitive is available.
Package pdftexcmds Info: \pdf@ifprimitive is available.
Package pdftexcmds Info: \pdfdraftmode found.
)) (/usr/local/texlive/2025/texmf-dist/tex/latex/hycolor/hycolor.sty
Package: hycolor 2020-01-27 v1.10 Color options for hyperref/bookmark (HO)
) (/usr/local/texlive/2025/texmf-dist/tex/latex/hyperref/nameref.sty
Package: nameref 2023-11-26 v2.56 Cross-referencing by name of section
 (/usr/local/texlive/2025/texmf-dist/tex/latex/refcount/refcount.sty
Package: refcount 2019/12/15 v3.6 Data extraction from label references (HO)
) (/usr/local/texlive/2025/texmf-dist/tex/generic/gettitlestring/gettitlestring.sty
Package: gettitlestring 2019/12/15 v1.6 Cleanup title references (HO)
)
\c@section@level=\count280
) (/usr/local/texlive/2025/texmf-dist/tex/generic/stringenc/stringenc.sty
Package: stringenc 2019/11/29 v1.12 Convert strings between diff. encodings (HO)
)
\@linkdim=\dimen160
\Hy@linkcounter=\count281
\Hy@pagecounter=\count282
 (/usr/local/texlive/2025/texmf-dist/tex/latex/hyperref/pd1enc.def
File: pd1enc.def 2024-11-05 v7.01l Hyperref: PDFDocEncoding definition (HO)
Now handling font encoding PD1 ...
... no UTF-8 mapping file for font encoding PD1
) (/usr/local/texlive/2025/texmf-dist/tex/generic/intcalc/intcalc.sty
Package: intcalc 2019/12/15 v1.3 Expandable calculations with integers (HO)
)
\Hy@SavedSpaceFactor=\count283
 (/usr/local/texlive/2025/texmf-dist/tex/latex/hyperref/puenc.def
File: puenc.def 2024-11-05 v7.01l Hyperref: PDF Unicode definition (HO)
Now handling font encoding PU ...
... no UTF-8 mapping file for font encoding PU
)
Package hyperref Info: Hyper figures OFF on input line 4157.
Package hyperref Info: Link nesting OFF on input line 4162.
Package hyperref Info: Hyper index ON on input line 4165.
Package hyperref Info: Plain pages OFF on input line 4172.
Package hyperref Info: Backreferencing OFF on input line 4177.
Package hyperref Info: Implicit mode ON; LaTeX internals redefined.
Package hyperref Info: Bookmarks ON on input line 4424.
\c@Hy@tempcnt=\count284
 (/usr/local/texlive/2025/texmf-dist/tex/latex/url/url.sty
\Urlmuskip=\muskip17
Package: url 2013/09/16  ver 3.4  Verb mode for urls, etc.
)
LaTeX Info: Redefining \url on input line 4763.
\XeTeXLinkMargin=\dimen161
 (/usr/local/texlive/2025/texmf-dist/tex/generic/bitset/bitset.sty
Package: bitset 2019/12/09 v1.3 Handle bit-vector datatype (HO)
 (/usr/local/texlive/2025/texmf-dist/tex/generic/bigintcalc/bigintcalc.sty
Package: bigintcalc 2019/12/15 v1.5 Expandable calculations on big integers (HO)
))
\Fld@menulength=\count285
\Field@Width=\dimen162
\Fld@charsize=\dimen163
Package hyperref Info: Hyper figures OFF on input line 6042.
Package hyperref Info: Link nesting OFF on input line 6047.
Package hyperref Info: Hyper index ON on input line 6050.
Package hyperref Info: backreferencing OFF on input line 6057.
Package hyperref Info: Link coloring OFF on input line 6062.
Package hyperref Info: Link coloring with OCG OFF on input line 6067.
Package hyperref Info: PDF/A mode OFF on input line 6072.
 (/usr/local/texlive/2025/texmf-dist/tex/latex/base/atbegshi-ltx.sty
Package: atbegshi-ltx 2021/01/10 v1.0c Emulation of the original atbegshi
package with kernel methods
)
\Hy@abspage=\count286
\c@Item=\count287
\c@Hfootnote=\count288
)
Package hyperref Info: Driver (autodetected): hpdftex.
 (/usr/local/texlive/2025/texmf-dist/tex/latex/hyperref/hpdftex.def
File: hpdftex.def 2024-11-05 v7.01l Hyperref driver for pdfTeX
 (/usr/local/texlive/2025/texmf-dist/tex/latex/base/atveryend-ltx.sty
Package: atveryend-ltx 2020/08/19 v1.0a Emulation of the original atveryend package
with kernel methods
)
\Fld@listcount=\count289
\c@bookmark@seq@number=\count290
 (/usr/local/texlive/2025/texmf-dist/tex/latex/rerunfilecheck/rerunfilecheck.sty
Package: rerunfilecheck 2022-07-10 v1.10 Rerun checks for auxiliary files (HO)
 (/usr/local/texlive/2025/texmf-dist/tex/generic/uniquecounter/uniquecounter.sty
Package: uniquecounter 2019/12/15 v1.4 Provide unlimited unique counter (HO)
)
Package uniquecounter Info: New unique counter `rerunfilecheck' on input line 285.
)
\Hy@SectionHShift=\skip67
) (/usr/local/texlive/2025/texmf-dist/tex/latex/amsmath/amsmath.sty
Package: amsmath 2024/11/05 v2.17t AMS math features
\@mathmargin=\skip68

For additional information on amsmath, use the `?' option.
(/usr/local/texlive/2025/texmf-dist/tex/latex/amsmath/amstext.sty
Package: amstext 2021/08/26 v2.01 AMS text
 (/usr/local/texlive/2025/texmf-dist/tex/latex/amsmath/amsgen.sty
File: amsgen.sty 1999/11/30 v2.0 generic functions
\@emptytoks=\toks20
\ex@=\dimen164
)) (/usr/local/texlive/2025/texmf-dist/tex/latex/amsmath/amsbsy.sty
Package: amsbsy 1999/11/29 v1.2d Bold Symbols
\pmbraise@=\dimen165
) (/usr/local/texlive/2025/texmf-dist/tex/latex/amsmath/amsopn.sty
Package: amsopn 2022/04/08 v2.04 operator names
)
\inf@bad=\count291
LaTeX Info: Redefining \frac on input line 233.
\uproot@=\count292
\leftroot@=\count293
LaTeX Info: Redefining \overline on input line 398.
LaTeX Info: Redefining \colon on input line 409.
\classnum@=\count294
\DOTSCASE@=\count295
LaTeX Info: Redefining \ldots on input line 495.
LaTeX Info: Redefining \dots on input line 498.
LaTeX Info: Redefining \cdots on input line 619.
\Mathstrutbox@=\box52
\strutbox@=\box53
LaTeX Info: Redefining \big on input line 721.
LaTeX Info: Redefining \Big on input line 722.
LaTeX Info: Redefining \bigg on input line 723.
LaTeX Info: Redefining \Bigg on input line 724.
\big@size=\dimen166
LaTeX Font Info:    Redeclaring font encoding OML on input line 742.
LaTeX Font Info:    Redeclaring font encoding OMS on input line 743.
\macc@depth=\count296
LaTeX Info: Redefining \bmod on input line 904.
LaTeX Info: Redefining \pmod on input line 909.
LaTeX Info: Redefining \smash on input line 939.
LaTeX Info: Redefining \relbar on input line 969.
LaTeX Info: Redefining \Relbar on input line 970.
\c@MaxMatrixCols=\count297
\dotsspace@=\muskip18
\c@parentequation=\count298
\dspbrk@lvl=\count299
\tag@help=\toks21
\row@=\count300
\column@=\count301
\maxfields@=\count302
\andhelp@=\toks22
\eqnshift@=\dimen167
\alignsep@=\dimen168
\tagshift@=\dimen169
\tagwidth@=\dimen170
\totwidth@=\dimen171
\lineht@=\dimen172
\@envbody=\toks23
\multlinegap=\skip69
\multlinetaggap=\skip70
\mathdisplay@stack=\toks24
LaTeX Info: Redefining \[ on input line 2953.
LaTeX Info: Redefining \] on input line 2954.
) (/usr/local/texlive/2025/texmf-dist/tex/latex/glossaries/base/glossaries.sty
Package: glossaries 2025/03/03 v4.56 (NLCT)
 (/usr/local/texlive/2025/texmf-dist/tex/latex/base/ifthen.sty
Package: ifthen 2024/03/16 v1.1e Standard LaTeX ifthen package (DPC)
) (/usr/local/texlive/2025/texmf-dist/tex/latex/xkeyval/xkeyval.sty
Package: xkeyval 2022/06/16 v2.9 package option processing (HA)
 (/usr/local/texlive/2025/texmf-dist/tex/generic/xkeyval/xkeyval.tex (/usr/local/texlive/2025/texmf-dist/tex/generic/xkeyval/xkvutils.tex
\XKV@toks=\toks25
\XKV@tempa@toks=\toks26
)
\XKV@depth=\count303
File: xkeyval.tex 2014/12/03 v2.7a key=value parser (HA)
)) (/usr/local/texlive/2025/texmf-dist/tex/latex/mfirstuc/mfirstuc.sty
Package: mfirstuc 2022/10/14 v2.08 (NLCT)
\@glsmfirst=\toks27
\@glsmrest=\toks28
) (/usr/local/texlive/2025/texmf-dist/tex/latex/xfor/xfor.sty
Package: xfor 2009/02/05 v1.05 (NLCT)
) (/usr/local/texlive/2025/texmf-dist/tex/latex/datatool/datatool-base.sty
Package: datatool-base 2025/03/05 v3.0.1 (NLCT)
 (/usr/local/texlive/2025/texmf-dist/tex/latex/tracklang/tracklang.sty
Package: tracklang 2025/03/04 v1.6.5 (NLCT) Track Languages
 (/usr/local/texlive/2025/texmf-dist/tex/generic/tracklang/tracklang.tex)) (/usr/local/texlive/2025/texmf-dist/tex/latex/datatool/datatool-l3fp.def
File: datatool-l3fp.def 2025/03/05 v3.0.1 (NLCT)
)
\@dtl@toks=\toks29
\@dtl@tmpcount=\count304
\dtl@tmplength=\skip71
\l__datatool_measure_box=\box54
\dtl@sortresult=\count305
 (/usr/local/texlive/2025/texmf-dist/tex/latex/datatool/datatool-utf8.ldf
File: datatool-utf8.ldf 2025/03/05 v3.0.1 (NLCT)
)
\@dtl@datatype=\count306
\l__datatool_tmpa_int=\count307
\l__datatool_tmpb_int=\count308
\l__datatool_tmpc_int=\count309
\l__datatool_tmpd_int=\count310
\l__datatool_count_int=\count311
\l__datatool_tmp_datatype_int=\count312
\l__datatool_tmpa_dim=\dimen173
\l__datatool_tmpb_dim=\dimen174
\c_datatool_unknown_int=\count313
\l__datatool_year_int=\count314
\l__datatool_month_int=\count315
\l__datatool_day_int=\count316
\l__datatool_hour_int=\count317
\l__datatool_minute_int=\count318
\l__datatool_second_int=\count319
\l__datatool_tzhour_int=\count320
\l__datatool_tzminute_int=\count321
\l__datatool_julian_int=\count322
\l__datatool_local_julian_int=\count323
\l__datatool_prefix_int=\count324
\l__datatool_suffix_int=\count325
\@dtl@foreach@level=\count326
\dtl@codeA=\count327
\dtl@codeB=\count328
)
\gls@level=\count329
\@gls@tmpb=\toks30
\gls@tmplen=\skip72
\glskeylisttok=\toks31
\glslabeltok=\toks32
\glsshorttok=\toks33
\glslongtok=\toks34
 (/usr/local/texlive/2025/texmf-dist/tex/latex/glossaries/styles/glossary-hypernav.sty
Package: glossary-hypernav 2025/03/03 v4.56 (NLCT)
) (/usr/local/texlive/2025/texmf-dist/tex/latex/glossaries/styles/glossary-list.sty
Package: glossary-list 2025/03/03 v4.56 (NLCT)
\glslistdottedwidth=\skip73
) (/usr/local/texlive/2025/texmf-dist/tex/latex/glossaries/styles/glossary-long.sty
Package: glossary-long 2025/03/03 v4.56 (NLCT)
 (/usr/local/texlive/2025/texmf-dist/tex/latex/tools/longtable.sty
Package: longtable 2024-10-27 v4.22 Multi-page Table package (DPC)
\LTleft=\skip74
\LTright=\skip75
\LTpre=\skip76
\LTpost=\skip77
\LTchunksize=\count330
\LTcapwidth=\dimen175
\LT@head=\box55
\LT@firsthead=\box56
\LT@foot=\box57
\LT@lastfoot=\box58
\LT@gbox=\box59
\LT@cols=\count331
\LT@rows=\count332
\c@LT@tables=\count333
\c@LT@chunks=\count334
\LT@p@ftn=\toks35
)
\glsdescwidth=\skip78
\glspagelistwidth=\skip79
) (/usr/local/texlive/2025/texmf-dist/tex/latex/glossaries/styles/glossary-super.sty
Package: glossary-super 2025/03/03 v4.56 (NLCT)
 (/usr/local/texlive/2025/texmf-dist/tex/latex/supertabular/supertabular.sty
Package: supertabular 2024/07/20 v4.2c the supertabular environment
\c@tracingst=\count335
\ST@wd=\dimen176
\ST@rightskip=\skip80
\ST@leftskip=\skip81
\ST@parfillskip=\skip82
\ST@pageleft=\dimen177
\ST@headht=\dimen178
\ST@tailht=\dimen179
\ST@pagesofar=\dimen180
\ST@pboxht=\dimen181
\ST@rowht=\dimen182
\ST@prevht=\dimen183
\ST@toadd=\dimen184
\ST@dimen=\dimen185
\ST@pbox=\box60
)) (/usr/local/texlive/2025/texmf-dist/tex/latex/glossaries/styles/glossary-tree.sty
Package: glossary-tree 2025/03/03 v4.56 (NLCT)
\glstreeindent=\skip83
)) (/usr/local/texlive/2025/texmf-dist/tex/latex/lipsum/lipsum.sty (/usr/local/texlive/2025/texmf-dist/tex/latex/l3packages/l3keys2e/l3keys2e.sty (/usr/local/texlive/2025/texmf-dist/tex/latex/l3kernel/expl3.sty
Package: expl3 2025-01-18 L3 programming layer (loader) 
 (/usr/local/texlive/2025/texmf-dist/tex/latex/l3backend/l3backend-pdftex.def
File: l3backend-pdftex.def 2024-05-08 L3 backend support: PDF output (pdfTeX)
\l__color_backend_stack_int=\count336
\l__pdf_internal_box=\box61
))
Package: l3keys2e 2024-08-16 LaTeX2e option processing using LaTeX3 keys
)
Package: lipsum 2021-09-20 v2.7 150 paragraphs of Lorem Ipsum dummy text
\g__lipsum_par_int=\count337
\l__lipsum_a_int=\count338
\l__lipsum_b_int=\count339
 (/usr/local/texlive/2025/texmf-dist/tex/latex/lipsum/lipsum.ltd.tex)) (/usr/local/texlive/2025/texmf-dist/tex/latex/float/float.sty
Package: float 2001/11/08 v1.3d Float enhancements (AL)
\c@float@type=\count340
\float@exts=\toks36
\float@box=\box62
\@float@everytoks=\toks37
\@floatcapt=\box63
) (/usr/local/texlive/2025/texmf-dist/tex/latex/placeins/placeins.sty
Package: placeins 2005/04/18  v 2.2
) (/usr/local/texlive/2025/texmf-dist/tex/latex/braket/braket.sty) (/usr/local/texlive/2025/texmf-dist/tex/latex/amsfonts/amsfonts.sty
Package: amsfonts 2013/01/14 v3.01 Basic AMSFonts support
\symAMSa=\mathgroup4
\symAMSb=\mathgroup5
LaTeX Font Info:    Redeclaring math symbol \hbar on input line 98.
LaTeX Font Info:    Overwriting math alphabet `\mathfrak' in version `bold'
(Font)                  U/euf/m/n --> U/euf/b/n on input line 106.
)
Package hyperref Info: Option `colorlinks' set `true' on input line 36.
 (./appendix/mis/acronym.tex
\glswrite=\write3
\glo@main@file=\write4
\openout4 = `main.glo'.

Package glossaries Info: Writing glossary file main.glo on input line 1.
\glo@acronym@file=\write5
\openout5 = `main.acn'.

Package glossaries Info: Writing glossary file main.acn on input line 1.
) (out/main.aux

LaTeX Warning: Label `elastic evolution equation' multiply defined.

)
\openout1 = `main.aux'.

LaTeX Font Info:    Checking defaults for OML/cmm/m/it on input line 60.
LaTeX Font Info:    ... okay on input line 60.
LaTeX Font Info:    Checking defaults for OMS/cmsy/m/n on input line 60.
LaTeX Font Info:    ... okay on input line 60.
LaTeX Font Info:    Checking defaults for OT1/cmr/m/n on input line 60.
LaTeX Font Info:    ... okay on input line 60.
LaTeX Font Info:    Checking defaults for T1/cmr/m/n on input line 60.
LaTeX Font Info:    ... okay on input line 60.
LaTeX Font Info:    Checking defaults for TS1/cmr/m/n on input line 60.
LaTeX Font Info:    ... okay on input line 60.
LaTeX Font Info:    Checking defaults for OMX/cmex/m/n on input line 60.
LaTeX Font Info:    ... okay on input line 60.
LaTeX Font Info:    Checking defaults for U/cmr/m/n on input line 60.
LaTeX Font Info:    ... okay on input line 60.
LaTeX Font Info:    Checking defaults for PD1/pdf/m/n on input line 60.
LaTeX Font Info:    ... okay on input line 60.
LaTeX Font Info:    Checking defaults for PU/pdf/m/n on input line 60.
LaTeX Font Info:    ... okay on input line 60.
 (/usr/local/texlive/2025/texmf-dist/tex/context/base/mkii/supp-pdf.mkii
[Loading MPS to PDF converter (version 2006.09.02).]
\scratchcounter=\count341
\scratchdimen=\dimen186
\scratchbox=\box64
\nofMPsegments=\count342
\nofMParguments=\count343
\everyMPshowfont=\toks38
\MPscratchCnt=\count344
\MPscratchDim=\dimen187
\MPnumerator=\count345
\makeMPintoPDFobject=\count346
\everyMPtoPDFconversion=\toks39
) (/usr/local/texlive/2025/texmf-dist/tex/latex/epstopdf-pkg/epstopdf-base.sty
Package: epstopdf-base 2020-01-24 v2.11 Base part for package epstopdf
Package epstopdf-base Info: Redefining graphics rule for `.eps' on input line 485.
 (/usr/local/texlive/2025/texmf-dist/tex/latex/latexconfig/epstopdf-sys.cfg
File: epstopdf-sys.cfg 2010/07/13 v1.3 Configuration of (r)epstopdf for TeX Live
))
Package caption Info: Begin \AtBeginDocument code.
Package caption Info: float package is loaded.
Package caption Info: hyperref package is loaded.
Package caption Info: longtable package is loaded.
 (/usr/local/texlive/2025/texmf-dist/tex/latex/caption/ltcaption.sty
Package: ltcaption 2021/01/08 v1.4c longtable captions (AR)
)
Package caption Info: supertabular package is loaded.
Package caption Info: End \AtBeginDocument code.

*geometry* driver: auto-detecting
*geometry* detected driver: pdftex
*geometry* verbose mode - [ preamble ] result:
* driver: pdftex
* paper: a4paper
* layout: <same size as paper>
* layoutoffset:(h,v)=(0.0pt,0.0pt)
* bindingoffset: 17.07164pt
* modes: twoside 
* h-part:(L,W,R)=(61.45795pt, 426.79134pt, 92.18695pt)
* v-part:(T,H,B)=(71.13188pt, 702.78308pt, 71.13188pt)
* \paperwidth=597.50787pt
* \paperheight=845.04684pt
* \textwidth=426.79134pt
* \textheight=702.78308pt
* \oddsidemargin=6.2596pt
* \evensidemargin=19.91696pt
* \topmargin=-38.1381pt
* \headheight=14.49998pt
* \headsep=25.0pt
* \topskip=12.0pt
* \footskip=30.0pt
* \marginparwidth=95.0pt
* \marginparsep=10.0pt
* \columnsep=10.0pt
* \skip\footins=10.8pt plus 4.0pt minus 2.0pt
* \hoffset=0.0pt
* \voffset=0.0pt
* \mag=1000
* \@twocolumnfalse
* \@twosidetrue
* \@mparswitchtrue
* \@reversemarginfalse
* (1in=72.27pt=25.4mm, 1cm=28.453pt)

(/usr/local/texlive/2025/texmf-dist/tex/latex/graphics/color.sty
Package: color 2024/06/23 v1.3e Standard LaTeX Color (DPC)
 (/usr/local/texlive/2025/texmf-dist/tex/latex/graphics-cfg/color.cfg
File: color.cfg 2016/01/02 v1.6 sample color configuration
)
Package color Info: Driver file: pdftex.def on input line 149.
 (/usr/local/texlive/2025/texmf-dist/tex/latex/graphics/mathcolor.ltx))
Package hyperref Info: Link coloring ON on input line 60.
 (out/main.out) (out/main.out)
\@outlinefile=\write6
\openout6 = `main.out'.

 (./appendix/titlepage.tex

[1

\openout3 = `main.ist'.

{/usr/local/texlive/2025/texmf-var/fonts/map/pdftex/updmap/pdftex.map}]) (./appendix/abstract.tex) (./appendix/mis/dedication.tex

[1]) (./appendix/mis/declaration.tex


pdfTeX warning (ext4): destination with the same identifier (name{page.}) has been already used, duplicate ignored
<to be read again> 
                   \relax 
l.1 \chapter
            *{Declaration} [2

]) (./appendix/mis/acknowledgements.tex


pdfTeX warning (ext4): destination with the same identifier (name{page.}) has been already used, duplicate ignored
<to be read again> 
                   \relax 
l.1 \chapter
            *{Acknowledgements} [3

])


pdfTeX warning (ext4): destination with the same identifier (name{page.}) has been already used, duplicate ignored
<to be read again> 
                   \relax 
l.69 \tableofcontents
                      [4

] (out/main.toc
LaTeX Font Info:    Trying to load font information for U+msa on input line 2.
 (/usr/local/texlive/2025/texmf-dist/tex/latex/amsfonts/umsa.fd
File: umsa.fd 2013/01/14 v3.01 AMS symbols A
)
LaTeX Font Info:    Trying to load font information for U+msb on input line 2.
 (/usr/local/texlive/2025/texmf-dist/tex/latex/amsfonts/umsb.fd
File: umsb.fd 2013/01/14 v3.01 AMS symbols B
)
Overfull \hbox (9.71126pt too wide) in paragraph at lines 16--16
 [][] [][][]\OT1/cmr/m/n/12 Optimization of the nar-row MOT (in-ten-sity, fre-quency, 
 []




pdfTeX warning (ext4): destination with the same identifier (name{page.}) has been already used, duplicate ignored
<to be read again> 
                   \relax 
l.35 ... inhomogeneites}{4}{subsubsection.2.2.1.3}
                                                  % [5

]
Overfull \hbox (2.35577pt too wide) in paragraph at lines 42--42
 [] [][][]\OT1/cmr/bx/n/12 Engineering highly en-tan-gled sys-tem of pho-toas-so-ci-ated 87Sr atoms[][] []  
 []

)
\tf@toc=\write7
\openout7 = `main.toc'.




pdfTeX warning (ext4): destination with the same identifier (name{page.}) has been already used, duplicate ignored
<to be read again> 
                   \relax 
l.70 \listoffigures
                    [6] (out/main.lof)
\tf@lof=\write8
\openout8 = `main.lof'.




pdfTeX warning (ext4): destination with the same identifier (name{page.}) has been already used, duplicate ignored
<to be read again> 
                   \relax 
l.71 \listoftables
                   [7

] (out/main.lot)
\tf@lot=\write9
\openout9 = `main.lot'.


No file main.acr.
(./Chapitres/Introduction/Introduction.tex


pdfTeX warning (ext4): destination with the same identifier (name{page.}) has been already used, duplicate ignored
<to be read again> 
                   \relax 
l.3 \end{flushright}\chapter
                            {Introduction} [8

]
Chapter 1.
<Chapitres/Introduction/repompeur.png, id=410, 722.7pt x 402.75468pt>
File: Chapitres/Introduction/repompeur.png Graphic file (type png)
<use Chapitres/Introduction/repompeur.png>
Package pdftex.def Info: Chapitres/Introduction/repompeur.png  used on input line 15.
(pdftex.def)             Requested size: 426.79134pt x 237.85059pt.
<Chapitres/Introduction/chaine_bleue_actualisée.pdf, id=412, 575.14874pt x 625.33624pt>
File: Chapitres/Introduction/chaine_bleue_actualisée.pdf Graphic file (type pdf)
<use Chapitres/Introduction/chaine_bleue_actualisée.pdf>
Package pdftex.def Info: Chapitres/Introduction/chaine_bleue_actualisée.pdf  used on input line 24.
(pdftex.def)             Requested size: 426.79134pt x 464.04881pt.



pdfTeX warning (ext4): destination with the same identifier (name{page.}) has been already used, duplicate ignored
<to be read again> 
                   \relax 
l.28 \subsection
                {Repumper} [9

 <./Chapitres/Introduction/repompeur.png>]
<Chapitres/Introduction/energy_levels_repumper.png, id=417, 242.40562pt x 363.60844pt>
File: Chapitres/Introduction/energy_levels_repumper.png Graphic file (type png)
<use Chapitres/Introduction/energy_levels_repumper.png>
Package pdftex.def Info: Chapitres/Introduction/energy_levels_repumper.png  used on input line 31.
(pdftex.def)             Requested size: 213.39566pt x 320.10956pt.



pdfTeX warning (ext4): destination with the same identifier (name{page.}) has been already used, duplicate ignored
<to be read again> 
                   \relax 
l.35 \subsection
                {BB MOT} [10 <./Chapitres/Introduction/chaine_bleue_actualisée.pdf>]
<Chapitres/Introduction/red_MOT_in_3_steps.pdf, id=529, 2419.3818pt x 1179.34499pt>
File: Chapitres/Introduction/red_MOT_in_3_steps.pdf Graphic file (type pdf)
<use Chapitres/Introduction/red_MOT_in_3_steps.pdf>
Package pdftex.def Info: Chapitres/Introduction/red_MOT_in_3_steps.pdf  used on input line 38.
(pdftex.def)             Requested size: 426.79134pt x 208.02603pt.
<Chapitres/Introduction/need_for_stir.png, id=530, 293.095pt x 260.975pt>
File: Chapitres/Introduction/need_for_stir.png Graphic file (type png)
<use Chapitres/Introduction/need_for_stir.png>
Package pdftex.def Info: Chapitres/Introduction/need_for_stir.png  used on input line 49.
(pdftex.def)             Requested size: 213.39566pt x 190.0084pt.



pdfTeX warning (ext4): destination with the same identifier (name{page.}) has been already used, duplicate ignored
<to be read again> 
                   \relax 
l.52 \end{figure}
                  [11 <./Chapitres/Introduction/energy_levels_repumper.png> <./Chapitres/Introduction/red_MOT_in_3_steps.pdf, page is rotated 270 degrees>]
<Chapitres/Introduction/randomisation.jpeg, id=560, 2055.68pt x 823.075pt>
File: Chapitres/Introduction/randomisation.jpeg Graphic file (type jpg)
<use Chapitres/Introduction/randomisation.jpeg>
Package pdftex.def Info: Chapitres/Introduction/randomisation.jpeg  used on input line 56.
(pdftex.def)             Requested size: 213.39566pt x 85.43953pt.
<Chapitres/Introduction/chaine_rouge_vieille.png, id=561, 578.91281pt x 557.83406pt>
File: Chapitres/Introduction/chaine_rouge_vieille.png Graphic file (type png)
<use Chapitres/Introduction/chaine_rouge_vieille.png>
Package pdftex.def Info: Chapitres/Introduction/chaine_rouge_vieille.png  used on input line 70.
(pdftex.def)             Requested size: 426.79134pt x 411.25009pt.



pdfTeX warning (ext4): destination with the same identifier (name{page.}) has been already used, duplicate ignored
<to be read again> 
                   \relax 
l.74 
      [12 <./Chapitres/Introduction/need_for_stir.png> <./Chapitres/Introduction/randomisation.jpeg>]
<Chapitres/Introduction/ODT_loading.png, id=567, 537.50812pt x 371.13657pt>
File: Chapitres/Introduction/ODT_loading.png Graphic file (type png)
<use Chapitres/Introduction/ODT_loading.png>
Package pdftex.def Info: Chapitres/Introduction/ODT_loading.png  used on input line 79.
(pdftex.def)             Requested size: 298.75262pt x 206.28337pt.



pdfTeX warning (ext4): destination with the same identifier (name{page.}) has been already used, duplicate ignored
<to be read again> 
                   \relax 
l.83 \subsubsection
                   {Optimization of the evaporation ramps : Dimple + reservo... [13 <./Chapitres/Introduction/chaine_rouge_vieille.png>]
<Chapitres/Introduction/optical_pumping.png, id=572, 682.80093pt x 346.29375pt>
File: Chapitres/Introduction/optical_pumping.png Graphic file (type png)
<use Chapitres/Introduction/optical_pumping.png>
Package pdftex.def Info: Chapitres/Introduction/optical_pumping.png  used on input line 90.
(pdftex.def)             Requested size: 426.79134pt x 216.45947pt.
<Chapitres/Introduction/spin_kick_scheme.png, id=573, 417.81094pt x 304.88907pt>
File: Chapitres/Introduction/spin_kick_scheme.png Graphic file (type png)
<use Chapitres/Introduction/spin_kick_scheme.png>
Package pdftex.def Info: Chapitres/Introduction/spin_kick_scheme.png  used on input line 97.
(pdftex.def)             Requested size: 426.79134pt x 311.46191pt.
) (./Chapitres/Ramsey interferometers on qudit/Ramsey_interferometers_on_qudit.tex


pdfTeX warning (ext4): destination with the same identifier (name{page.1}) has been already used, duplicate ignored
<to be read again> 
                   \relax 
l.2 \chapter
            {Ramsey interferometers on qudit \label{cha:litreivew}} [1 <./Chapitres/Introduction/ODT_loading.png> <./Chapitres/Introduction/optical_pumping.png>]

[2 <./Chapitres/Introduction/spin_kick_scheme.png>]
Chapter 2.

Package hyperref Warning: Token not allowed in a PDF string (Unicode):
(hyperref)                removing `math shift' on input line 5.


Package hyperref Warning: Token not allowed in a PDF string (Unicode):
(hyperref)                removing `\delta' on input line 5.


Package hyperref Warning: Token not allowed in a PDF string (Unicode):
(hyperref)                removing `subscript' on input line 5.


Package hyperref Warning: Token not allowed in a PDF string (Unicode):
(hyperref)                removing `\pm' on input line 5.


Package hyperref Warning: Token not allowed in a PDF string (Unicode):
(hyperref)                removing `math shift' on input line 5.


Package hyperref Warning: Token not allowed in a PDF string (Unicode):
(hyperref)                removing `math shift' on input line 13.


Package hyperref Warning: Token not allowed in a PDF string (Unicode):
(hyperref)                removing `\delta' on input line 13.


Package hyperref Warning: Token not allowed in a PDF string (Unicode):
(hyperref)                removing `subscript' on input line 13.


Package hyperref Warning: Token not allowed in a PDF string (Unicode):
(hyperref)                removing `\pm' on input line 13.


Package hyperref Warning: Token not allowed in a PDF string (Unicode):
(hyperref)                removing `math shift' on input line 13.


Overfull \hbox (0.47241pt too wide) in paragraph at lines 98--98
[]\OT1/cmr/bx/n/17.28 SU(N) sym-me-try (ce qu'il faudrait pr la tester
 []

) (./Chapitres/Engineering highly entangled system of photoassociated 87Sr atoms/Engineering highly entangled system of photoassociated 87Sr atoms.tex

[3

]

[4]
Chapter 3.
<Chapitres/Engineering highly entangled system of photoassociated 87Sr atoms/incident_and_scattered_wave.jpeg, id=594, 1541.76pt x 2055.68pt>
File: Chapitres/Engineering highly entangled system of photoassociated 87Sr atoms/incident_and_scattered_wave.jpeg Graphic file (type jpg)
<use Chapitres/Engineering highly entangled system of photoassociated 87Sr atoms/incident_and_scattered_wave.jpeg>
Package pdftex.def Info: Chapitres/Engineering highly entangled system of photoassociated 87Sr atoms/incident_and_scattered_wave.jpeg  used on input line 32.
(pdftex.def)             Requested size: 256.0774pt x 341.431pt.


[5

]
Underfull \hbox (badness 10000) in paragraph at lines 45--47

 []


Underfull \hbox (badness 10000) in paragraph at lines 67--68

 []


Underfull \hbox (badness 10000) in paragraph at lines 69--72

 []



[6 <./Chapitres/Engineering highly entangled system of photoassociated 87Sr atoms/incident_and_scattered_wave.jpeg>]
Underfull \hbox (badness 10000) in paragraph at lines 120--123

 []


Underfull \hbox (badness 10000) in paragraph at lines 146--147

 []



[7]
<Chapitres/Engineering highly entangled system of photoassociated 87Sr atoms/PA_concept.png, id=636, 325.96782pt x 479.54156pt>
File: Chapitres/Engineering highly entangled system of photoassociated 87Sr atoms/PA_concept.png Graphic file (type png)
<use Chapitres/Engineering highly entangled system of photoassociated 87Sr atoms/PA_concept.png>
Package pdftex.def Info: Chapitres/Engineering highly entangled system of photoassociated 87Sr atoms/PA_concept.png  used on input line 153.
(pdftex.def)             Requested size: 298.75262pt x 439.53722pt.


[8 <./Chapitres/Engineering highly entangled system of photoassociated 87Sr atoms/PA_concept.png>]
Underfull \hbox (badness 10000) in paragraph at lines 168--174

 []



[9]
Underfull \hbox (badness 10000) in paragraph at lines 237--240

 []


Underfull \hbox (badness 10000) in paragraph at lines 248--252

 []


Underfull \hbox (badness 10000) in paragraph at lines 260--264

 []


Underfull \hbox (badness 10000) in paragraph at lines 273--274

 []


Underfull \hbox (badness 10000) in paragraph at lines 286--289

 []



[10]
<Chapitres/Engineering highly entangled system of photoassociated 87Sr atoms/Hund_case_c.png, id=663, 291.33844pt x 323.70938pt>
File: Chapitres/Engineering highly entangled system of photoassociated 87Sr atoms/Hund_case_c.png Graphic file (type png)
<use Chapitres/Engineering highly entangled system of photoassociated 87Sr atoms/Hund_case_c.png>
Package pdftex.def Info: Chapitres/Engineering highly entangled system of photoassociated 87Sr atoms/Hund_case_c.png  used on input line 292.
(pdftex.def)             Requested size: 213.39566pt x 237.11101pt.

Underfull \hbox (badness 10000) in paragraph at lines 306--307

 []



[11 <./Chapitres/Engineering highly entangled system of photoassociated 87Sr atoms/Hund_case_c.png>]
<Chapitres/Engineering highly entangled system of photoassociated 87Sr atoms/gerade_ungerade.png, id=677, 603.0028pt x 502.12593pt>
File: Chapitres/Engineering highly entangled system of photoassociated 87Sr atoms/gerade_ungerade.png Graphic file (type png)
<use Chapitres/Engineering highly entangled system of photoassociated 87Sr atoms/gerade_ungerade.png>
Package pdftex.def Info: Chapitres/Engineering highly entangled system of photoassociated 87Sr atoms/gerade_ungerade.png  used on input line 338.
(pdftex.def)             Requested size: 426.79134pt x 355.39328pt.


[12 <./Chapitres/Engineering highly entangled system of photoassociated 87Sr atoms/gerade_ungerade.png>]
<Chapitres/Engineering highly entangled system of photoassociated 87Sr atoms/sakurai_WKB.png, id=688, 679.03688pt x 452.4403pt>
File: Chapitres/Engineering highly entangled system of photoassociated 87Sr atoms/sakurai_WKB.png Graphic file (type png)
<use Chapitres/Engineering highly entangled system of photoassociated 87Sr atoms/sakurai_WKB.png>
Package pdftex.def Info: Chapitres/Engineering highly entangled system of photoassociated 87Sr atoms/sakurai_WKB.png  used on input line 377.
(pdftex.def)             Requested size: 298.75262pt x 199.05363pt.


Package hyperref Warning: Token not allowed in a PDF string (Unicode):
(hyperref)                removing `math shift' on input line 387.


Package hyperref Warning: Token not allowed in a PDF string (Unicode):
(hyperref)                removing `superscript' on input line 387.


Package hyperref Warning: Token not allowed in a PDF string (Unicode):
(hyperref)                removing `math shift' on input line 387.



[13 <./Chapitres/Engineering highly entangled system of photoassociated 87Sr atoms/sakurai_WKB.png>]
Underfull \hbox (badness 10000) in paragraph at lines 397--399

 []

<Chapitres/Engineering highly entangled system of photoassociated 87Sr atoms/mass_scaling.png, id=700, 399.74344pt x 375.65344pt>
File: Chapitres/Engineering highly entangled system of photoassociated 87Sr atoms/mass_scaling.png Graphic file (type png)
<use Chapitres/Engineering highly entangled system of photoassociated 87Sr atoms/mass_scaling.png>
Package pdftex.def Info: Chapitres/Engineering highly entangled system of photoassociated 87Sr atoms/mass_scaling.png  used on input line 402.
(pdftex.def)             Requested size: 298.75262pt x 280.76494pt.
<Chapitres/Engineering highly entangled system of photoassociated 87Sr atoms/Ytterbium_molecular_potentials.png, id=701, 407.27156pt x 487.8225pt>
File: Chapitres/Engineering highly entangled system of photoassociated 87Sr atoms/Ytterbium_molecular_potentials.png Graphic file (type png)
<use Chapitres/Engineering highly entangled system of photoassociated 87Sr atoms/Ytterbium_molecular_potentials.png>
Package pdftex.def Info: Chapitres/Engineering highly entangled system of photoassociated 87Sr atoms/Ytterbium_molecular_potentials.png  used on input line 414.
(pdftex.def)             Requested size: 298.75262pt x 357.8567pt.


[14 <./Chapitres/Engineering highly entangled system of photoassociated 87Sr atoms/mass_scaling.png>]
<Chapitres/Engineering highly entangled system of photoassociated 87Sr atoms/88Sr_molecular_potentials.png, id=712, 567.62062pt x 371.88937pt>
File: Chapitres/Engineering highly entangled system of photoassociated 87Sr atoms/88Sr_molecular_potentials.png Graphic file (type png)
<use Chapitres/Engineering highly entangled system of photoassociated 87Sr atoms/88Sr_molecular_potentials.png>
Package pdftex.def Info: Chapitres/Engineering highly entangled system of photoassociated 87Sr atoms/88Sr_molecular_potentials.png  used on input line 433.
(pdftex.def)             Requested size: 298.75262pt x 195.73853pt.


[15 <./Chapitres/Engineering highly entangled system of photoassociated 87Sr atoms/Ytterbium_molecular_potentials.png>]) (./Chapitres/conclusion/conclusion.tex

[16 <./Chapitres/Engineering highly entangled system of photoassociated 87Sr atoms/88Sr_molecular_potentials.png>]) (out/main.bbl

[17

]
LaTeX Font Info:    Trying to load font information for OMS+cmr on input line 7.
 (/usr/local/texlive/2025/texmf-dist/tex/latex/base/omscmr.fd
File: omscmr.fd 2024/11/19 v2.5n Standard LaTeX font definitions
)
LaTeX Font Info:    Font shape `OMS/cmr/m/n' in size <12> not available
(Font)              Font shape `OMS/cmsy/m/n' tried instead on input line 7.
) (./appendix/appendixA.tex

[1

{/usr/local/texlive/2025/texmf-dist/fonts/enc/dvips/cm-super/cm-super-ts1.enc}]
Appendix A.
)

[2

] (out/main.aux)
 ***********
LaTeX2e <2024-11-01> patch level 2
L3 programming layer <2025-01-18>
 ***********


LaTeX Warning: There were multiply-defined labels.

Package rerunfilecheck Info: File `main.out' has not changed.
(rerunfilecheck)             Checksum: F5EBA737D1F68DE67498111812882068;13795.
 ) 
Here is how much of TeX's memory you used:
 19678 strings out of 473190
 369021 string characters out of 5715801
 893477 words of memory out of 5000000
 42491 multiletter control sequences out of 15000+600000
 569830 words of font info for 77 fonts, out of 8000000 for 9000
 1141 hyphenation exceptions out of 8191
 79i,12n,93p,2461b,478s stack positions out of 10000i,1000n,20000p,200000b,200000s
</usr/local/texlive/2025/texmf-dist/fonts/type1/public/amsfonts/cm/cmbx12.pfb></usr/local/texlive/2025/texmf-dist/fonts/type1/public/amsfonts/cm/cmbx8.pfb></usr/local/texlive/2025/texmf-dist/fonts/type1/public/amsfonts/cm/cmex10.pfb></usr/local/texlive/2025/texmf-dist/fonts/type1/public/amsfonts/cm/cmmi12.pfb></usr/local/texlive/2025/texmf-dist/fonts/type1/public/amsfonts/cm/cmmi6.pfb></usr/local/texlive/2025/texmf-dist/fonts/type1/public/amsfonts/cm/cmmi8.pfb></usr/local/texlive/2025/texmf-dist/fonts/type1/public/amsfonts/cm/cmr10.pfb></usr/local/texlive/2025/texmf-dist/fonts/type1/public/amsfonts/cm/cmr12.pfb></usr/local/texlive/2025/texmf-dist/fonts/type1/public/amsfonts/cm/cmr17.pfb></usr/local/texlive/2025/texmf-dist/fonts/type1/public/amsfonts/cm/cmr6.pfb></usr/local/texlive/2025/texmf-dist/fonts/type1/public/amsfonts/cm/cmr8.pfb></usr/local/texlive/2025/texmf-dist/fonts/type1/public/amsfonts/cm/cmsy10.pfb></usr/local/texlive/2025/texmf-dist/fonts/type1/public/amsfonts/cm/cmsy8.pfb></usr/local/texlive/2025/texmf-dist/fonts/type1/public/amsfonts/cm/cmti12.pfb></usr/local/texlive/2025/texmf-dist/fonts/type1/public/amsfonts/symbols/msbm10.pfb></usr/local/texlive/2025/texmf-dist/fonts/type1/public/cm-super/sfrm1200.pfb>
Output written on out/main.pdf (33 pages, 3295120 bytes).
PDF statistics:
 843 PDF objects out of 1000 (max. 8388607)
 695 compressed objects within 7 object streams
 151 named destinations out of 1000 (max. 500000)
 603 words of extra memory for PDF output out of 10000 (max. 10000000)

